<?xml version="1.0" encoding="UTF-8"?>
<!-- Generated by org.testng.reporters.JUnitReportReporter -->
<testsuite skipped="0" hostname="krish" name="testngannotations.t1" tests="2" failures="0" timestamp="2024-01-03T08:30:11 IST" time="4.333" errors="0">
  <testcase name="t1" time="0.639" classname="testngannotations.t1"/>
  <system-out/>
  <testcase name="t2" time="3.694" classname="testngannotations.t1"/>
  <system-out/>
</testsuite> <!-- testngannotations.t1 -->
