<?xml version="1.0" encoding="UTF-8"?>
<!-- Generated by org.testng.reporters.JUnitReportReporter -->
<testsuite skipped="0" hostname="krish" name="testngdependency.d33" tests="7" failures="0" timestamp="2024-01-03T08:03:33 IST" time="8.855" errors="0">
  <testcase name="v" time="3.505" classname="testngdependency.d33"/>
  <system-out/>
  <testcase name="max" time="0.169" classname="testngdependency.d33"/>
  <system-out/>
  <testcase name="refresh" time="0.494" classname="testngdependency.d33"/>
  <system-out/>
  <testcase name="refresh" time="0.544" classname="testngdependency.d33"/>
  <system-out/>
  <testcase name="refresh" time="0.663" classname="testngdependency.d33"/>
  <system-out/>
  <testcase name="clicking" time="0.789" classname="testngdependency.d33"/>
  <system-out/>
  <testcase name="closing" time="2.691" classname="testngdependency.d33"/>
  <system-out/>
</testsuite> <!-- testngdependency.d33 -->
