<?xml version="1.0" encoding="UTF-8"?>
<!-- Generated by org.testng.reporters.JUnitReportReporter -->
<testsuite skipped="1" hostname="krish" name="testngattr.m1" tests="3" failures="0" timestamp="2024-01-02T08:21:20 IST" time="0.012" errors="0">
  <testcase name="ab" time="0.011" classname="testngattr.m1"/>
  <system-out/>
  <testcase name="m2" time="0.001" classname="testngattr.m1"/>
  <system-out/>
  <testcase name="m1" classname="testngattr.m1">
    <skipped/>
  </testcase> <!-- m1 -->
  <system-out/>
</testsuite> <!-- testngattr.m1 -->
