<?xml version="1.0" encoding="UTF-8"?>
<!-- Generated by org.testng.reporters.JUnitReportReporter -->
<testsuite skipped="0" hostname="krish" name="p1.f1" tests="1" failures="0" timestamp="2024-01-05T08:19:15 IST" time="3.706" errors="0">
  <testcase name="v" time="3.706" classname="p1.f1"/>
  <system-out/>
</testsuite> <!-- p1.f1 -->
