<?xml version="1.0" encoding="UTF-8"?>
<!-- Generated by org.testng.reporters.JUnitReportReporter -->
<testsuite skipped="0" hostname="krish" name="dataprovider.d1" tests="3" failures="0" timestamp="2024-01-11T08:28:44 IST" time="22.192" errors="0">
  <testcase name="DataProvSampleTest" time="9.575" classname="dataprovider.d1"/>
  <system-out/>
  <testcase name="DataProvSampleTest" time="6.289" classname="dataprovider.d1"/>
  <system-out/>
  <testcase name="DataProvSampleTest" time="6.328" classname="dataprovider.d1"/>
  <system-out/>
</testsuite> <!-- dataprovider.d1 -->
