<?xml version="1.0" encoding="UTF-8"?>
<!-- Generated by org.testng.reporters.JUnitReportReporter -->
<testsuite skipped="0" hostname="krish" name="testngwerbdr.i2" tests="1" failures="0" timestamp="2024-01-08T08:14:16 IST" time="3.415" errors="0">
  <testcase name="v" time="3.415" classname="testngwerbdr.i2"/>
  <system-out/>
</testsuite> <!-- testngwerbdr.i2 -->
